# JRE version: OpenJDK Runtime Environment Temurin-17.0.13+11 (17.0.13+11) (build 17.0.13+11)
# Java VM: OpenJDK 64-Bit Server VM Temurin-17.0.13+11 (17.0.13+11, mixed mode, tiered, compressed oops, compressed class ptrs, parallel gc, linux-amd64)
GC Precious Log:
 CPUs: 4 total, 4 available
 Memory: 7936M
 Large Page Support: Disabled
 NUMA Support: Disabled
 Compressed Oops: Enabled (32-bit)
 Alignments: Space 512K, Generation 512K, Heap 2M
 Heap Min Capacity: 100M
 Heap Initial Capacity: 100M
 Heap Max Capacity: 1G
 Pre-touch: Disabled
 Parallel Workers: 4
Heap:
 PSYoungGen      total 40960K, used 25536K [0x00000000eab00000, 0x00000000edb00000, 0x0000000100000000)
  eden space 38912K, 61% used [0x00000000eab00000,0x00000000ec255038,0x00000000ed100000)
  from space 2048K, 80% used [0x00000000ed700000,0x00000000ed89b010,0x00000000ed900000)
  to   space 2048K, 0% used [0x00000000ed900000,0x00000000ed900000,0x00000000edb00000)
 ParOldGen       total 394752K, used 353958K [0x00000000c0000000, 0x00000000d8180000, 0x00000000eab00000)
  object space 394752K, 89% used [0x00000000c0000000,0x00000000d59a9918,0x00000000d8180000)
 Metaspace       used 88710K, committed 90368K, reserved 1179648K
  class space    used 9413K, committed 10112K, reserved 1048576K
GC Heap History (20 events):
Event: 688.287 GC heap before
{Heap before GC invocations=202 (full 14):
 PSYoungGen      total 62976K, used 62562K [0x00000000eab00000, 0x00000000ef900000, 0x0000000100000000)
  eden space 49152K, 100% used [0x00000000eab00000,0x00000000edb00000,0x00000000edb00000)
  from space 13824K, 97% used [0x00000000edc00000,0x00000000ee9189f0,0x00000000ee980000)
  to   space 15360K, 0% used [0x00000000eea00000,0x00000000eea00000,0x00000000ef900000)
 ParOldGen       total 394752K, used 315883K [0x00000000c0000000, 0x00000000d8180000, 0x00000000eab00000)
  object space 394752K, 80% used [0x00000000c0000000,0x00000000d347add0,0x00000000d8180000)
 Metaspace       used 86602K, committed 88320K, reserved 1179648K
  class space    used 9220K, committed 9920K, reserved 1048576K
}
Event: 688.442 GC heap after
{Heap after GC invocations=202 (full 14):
 PSYoungGen      total 52224K, used 15360K [0x00000000eab00000, 0x00000000f1000000, 0x0000000100000000)
  eden space 36864K, 0% used [0x00000000eab00000,0x00000000eab00000,0x00000000ecf00000)
  from space 15360K, 100% used [0x00000000eea00000,0x00000000ef900000,0x00000000ef900000)
  to   space 27648K, 0% used [0x00000000ecf00000,0x00000000ecf00000,0x00000000eea00000)
 ParOldGen       total 394752K, used 325723K [0x00000000c0000000, 0x00000000d8180000, 0x00000000eab00000)
  object space 394752K, 82% used [0x00000000c0000000,0x00000000d3e16dd0,0x00000000d8180000)
 Metaspace       used 86602K, committed 88320K, reserved 1179648K
  class space    used 9220K, committed 9920K, reserved 1048576K
}
Event: 689.671 GC heap before
{Heap before GC invocations=203 (full 14):
 PSYoungGen      total 52224K, used 52224K [0x00000000eab00000, 0x00000000f1000000, 0x0000000100000000)
  eden space 36864K, 100% used [0x00000000eab00000,0x00000000ecf00000,0x00000000ecf00000)
  from space 15360K, 100% used [0x00000000eea00000,0x00000000ef900000,0x00000000ef900000)
  to   space 27648K, 0% used [0x00000000ecf00000,0x00000000ecf00000,0x00000000eea00000)
 ParOldGen       total 394752K, used 325723K [0x00000000c0000000, 0x00000000d8180000, 0x00000000eab00000)
  object space 394752K, 82% used [0x00000000c0000000,0x00000000d3e16dd0,0x00000000d8180000)
 Metaspace       used 87278K, committed 88960K, reserved 1179648K
  class space    used 9277K, committed 9984K, reserved 1048576K
}
Event: 689.763 GC heap after
{Heap after GC invocations=203 (full 14):
 PSYoungGen      total 61440K, used 25069K [0x00000000eab00000, 0x00000000f0080000, 0x0000000100000000)
  eden space 36352K, 0% used [0x00000000eab00000,0x00000000eab00000,0x00000000ece80000)
  from space 25088K, 99% used [0x00000000ecf00000,0x00000000ee77b718,0x00000000ee780000)
  to   space 25600K, 0% used [0x00000000ee780000,0x00000000ee780000,0x00000000f0080000)
 ParOldGen       total 394752K, used 325723K [0x00000000c0000000, 0x00000000d8180000, 0x00000000eab00000)
  object space 394752K, 82% used [0x00000000c0000000,0x00000000d3e16dd0,0x00000000d8180000)
 Metaspace       used 87278K, committed 88960K, reserved 1179648K
  class space    used 9277K, committed 9984K, reserved 1048576K
}
Event: 690.550 GC heap before
{Heap before GC invocations=204 (full 14):
 PSYoungGen      total 61440K, used 61421K [0x00000000eab00000, 0x00000000f0080000, 0x0000000100000000)
  eden space 36352K, 100% used [0x00000000eab00000,0x00000000ece80000,0x00000000ece80000)
  from space 25088K, 99% used [0x00000000ecf00000,0x00000000ee77b718,0x00000000ee780000)
  to   space 25600K, 0% used [0x00000000ee780000,0x00000000ee780000,0x00000000f0080000)
 ParOldGen       total 394752K, used 325723K [0x00000000c0000000, 0x00000000d8180000, 0x00000000eab00000)
  object space 394752K, 82% used [0x00000000c0000000,0x00000000d3e16dd0,0x00000000d8180000)
 Metaspace       used 87672K, committed 89344K, reserved 1179648K
  class space    used 9312K, committed 9984K, reserved 1048576K
}
Event: 690.709 GC heap after
{Heap after GC invocations=204 (full 14):
 PSYoungGen      total 53248K, used 25586K [0x00000000eab00000, 0x00000000f1100000, 0x0000000100000000)
  eden space 27648K, 0% used [0x00000000eab00000,0x00000000eab00000,0x00000000ec600000)
  from space 25600K, 99% used [0x00000000ee780000,0x00000000f007cb98,0x00000000f0080000)
  to   space 34304K, 0% used [0x00000000ec600000,0x00000000ec600000,0x00000000ee780000)
 ParOldGen       total 394752K, used 333003K [0x00000000c0000000, 0x00000000d8180000, 0x00000000eab00000)
  object space 394752K, 84% used [0x00000000c0000000,0x00000000d4532dd0,0x00000000d8180000)
 Metaspace       used 87672K, committed 89344K, reserved 1179648K
  class space    used 9312K, committed 9984K, reserved 1048576K
}
Event: 690.916 GC heap before
{Heap before GC invocations=205 (full 14):
 PSYoungGen      total 53248K, used 53234K [0x00000000eab00000, 0x00000000f1100000, 0x0000000100000000)
  eden space 27648K, 100% used [0x00000000eab00000,0x00000000ec600000,0x00000000ec600000)
  from space 25600K, 99% used [0x00000000ee780000,0x00000000f007cb98,0x00000000f0080000)
  to   space 34304K, 0% used [0x00000000ec600000,0x00000000ec600000,0x00000000ee780000)
 ParOldGen       total 394752K, used 333003K [0x00000000c0000000, 0x00000000d8180000, 0x00000000eab00000)
  object space 394752K, 84% used [0x00000000c0000000,0x00000000d4532dd0,0x00000000d8180000)
 Metaspace       used 87914K, committed 89600K, reserved 1179648K
  class space    used 9332K, committed 10048K, reserved 1048576K
}
Event: 691.013 GC heap after
{Heap after GC invocations=205 (full 14):
 PSYoungGen      total 54784K, used 27099K [0x00000000eab00000, 0x00000000f0280000, 0x0000000100000000)
  eden space 27648K, 0% used [0x00000000eab00000,0x00000000eab00000,0x00000000ec600000)
  from space 27136K, 99% used [0x00000000ec600000,0x00000000ee076d08,0x00000000ee080000)
  to   space 29184K, 0% used [0x00000000ee600000,0x00000000ee600000,0x00000000f0280000)
 ParOldGen       total 394752K, used 333011K [0x00000000c0000000, 0x00000000d8180000, 0x00000000eab00000)
  object space 394752K, 84% used [0x00000000c0000000,0x00000000d4534dd0,0x00000000d8180000)
 Metaspace       used 87914K, committed 89600K, reserved 1179648K
  class space    used 9332K, committed 10048K, reserved 1048576K
}
Event: 691.333 GC heap before
{Heap before GC invocations=206 (full 14):
 PSYoungGen      total 54784K, used 54747K [0x00000000eab00000, 0x00000000f0280000, 0x0000000100000000)
  eden space 27648K, 100% used [0x00000000eab00000,0x00000000ec600000,0x00000000ec600000)
  from space 27136K, 99% used [0x00000000ec600000,0x00000000ee076d08,0x00000000ee080000)
  to   space 29184K, 0% used [0x00000000ee600000,0x00000000ee600000,0x00000000f0280000)
 ParOldGen       total 394752K, used 333011K [0x00000000c0000000, 0x00000000d8180000, 0x00000000eab00000)
  object space 394752K, 84% used [0x00000000c0000000,0x00000000d4534dd0,0x00000000d8180000)
 Metaspace       used 88024K, committed 89664K, reserved 1179648K
  class space    used 9352K, committed 10048K, reserved 1048576K
}
Event: 691.480 GC heap after
{Heap after GC invocations=206 (full 14):
 PSYoungGen      total 60416K, used 28724K [0x00000000eab00000, 0x00000000f0300000, 0x0000000100000000)
  eden space 31232K, 0% used [0x00000000eab00000,0x00000000eab00000,0x00000000ec980000)
  from space 29184K, 98% used [0x00000000ee600000,0x00000000f020d1c0,0x00000000f0280000)
  to   space 29184K, 0% used [0x00000000ec980000,0x00000000ec980000,0x00000000ee600000)
 ParOldGen       total 394752K, used 333011K [0x00000000c0000000, 0x00000000d8180000, 0x00000000eab00000)
  object space 394752K, 84% used [0x00000000c0000000,0x00000000d4534dd0,0x00000000d8180000)
 Metaspace       used 88024K, committed 89664K, reserved 1179648K
  class space    used 9352K, committed 10048K, reserved 1048576K
}
Event: 692.711 GC heap before
{Heap before GC invocations=207 (full 14):
 PSYoungGen      total 60416K, used 59956K [0x00000000eab00000, 0x00000000f0300000, 0x0000000100000000)
  eden space 31232K, 100% used [0x00000000eab00000,0x00000000ec980000,0x00000000ec980000)
  from space 29184K, 98% used [0x00000000ee600000,0x00000000f020d1c0,0x00000000f0280000)
  to   space 29184K, 0% used [0x00000000ec980000,0x00000000ec980000,0x00000000ee600000)
 ParOldGen       total 394752K, used 333011K [0x00000000c0000000, 0x00000000d8180000, 0x00000000eab00000)
  object space 394752K, 84% used [0x00000000c0000000,0x00000000d4534dd0,0x00000000d8180000)
 Metaspace       used 88309K, committed 89984K, reserved 1179648K
  class space    used 9376K, committed 10112K, reserved 1048576K
}
Event: 692.858 GC heap after
{Heap after GC invocations=207 (full 14):
 PSYoungGen      total 41984K, used 10691K [0x00000000eab00000, 0x00000000eef80000, 0x0000000100000000)
  eden space 31232K, 0% used [0x00000000eab00000,0x00000000eab00000,0x00000000ec980000)
  from space 10752K, 99% used [0x00000000ec980000,0x00000000ed3f0fc8,0x00000000ed400000)
  to   space 17408K, 0% used [0x00000000ede80000,0x00000000ede80000,0x00000000eef80000)
 ParOldGen       total 394752K, used 344698K [0x00000000c0000000, 0x00000000d8180000, 0x00000000eab00000)
  object space 394752K, 87% used [0x00000000c0000000,0x00000000d509eaf8,0x00000000d8180000)
 Metaspace       used 88309K, committed 89984K, reserved 1179648K
  class space    used 9376K, committed 10112K, reserved 1048576K
}
Event: 694.270 GC heap before
{Heap before GC invocations=208 (full 14):
 PSYoungGen      total 41984K, used 41923K [0x00000000eab00000, 0x00000000eef80000, 0x0000000100000000)
  eden space 31232K, 100% used [0x00000000eab00000,0x00000000ec980000,0x00000000ec980000)
  from space 10752K, 99% used [0x00000000ec980000,0x00000000ed3f0fc8,0x00000000ed400000)
  to   space 17408K, 0% used [0x00000000ede80000,0x00000000ede80000,0x00000000eef80000)
 ParOldGen       total 394752K, used 344698K [0x00000000c0000000, 0x00000000d8180000, 0x00000000eab00000)
  object space 394752K, 87% used [0x00000000c0000000,0x00000000d509eaf8,0x00000000d8180000)
 Metaspace       used 88403K, committed 90048K, reserved 1179648K
  class space    used 9384K, committed 10112K, reserved 1048576K
}
Event: 694.365 GC heap after
{Heap after GC invocations=208 (full 14):
 PSYoungGen      total 37376K, used 1754K [0x00000000eab00000, 0x00000000ee080000, 0x0000000100000000)
  eden space 35328K, 0% used [0x00000000eab00000,0x00000000eab00000,0x00000000ecd80000)
  from space 2048K, 85% used [0x00000000ede80000,0x00000000ee036910,0x00000000ee080000)
  to   space 6656K, 0% used [0x00000000ed380000,0x00000000ed380000,0x00000000eda00000)
 ParOldGen       total 394752K, used 352378K [0x00000000c0000000, 0x00000000d8180000, 0x00000000eab00000)
  object space 394752K, 89% used [0x00000000c0000000,0x00000000d581ebc8,0x00000000d8180000)
 Metaspace       used 88403K, committed 90048K, reserved 1179648K
  class space    used 9384K, committed 10112K, reserved 1048576K
}
Event: 694.873 GC heap before
{Heap before GC invocations=209 (full 14):
 PSYoungGen      total 37376K, used 37082K [0x00000000eab00000, 0x00000000ee080000, 0x0000000100000000)
  eden space 35328K, 100% used [0x00000000eab00000,0x00000000ecd80000,0x00000000ecd80000)
  from space 2048K, 85% used [0x00000000ede80000,0x00000000ee036910,0x00000000ee080000)
  to   space 6656K, 0% used [0x00000000ed380000,0x00000000ed380000,0x00000000eda00000)
 ParOldGen       total 394752K, used 352378K [0x00000000c0000000, 0x00000000d8180000, 0x00000000eab00000)
  object space 394752K, 89% used [0x00000000c0000000,0x00000000d581ebe0,0x00000000d8180000)
 Metaspace       used 88405K, committed 90048K, reserved 1179648K
  class space    used 9384K, committed 10112K, reserved 1048576K
}
Event: 694.891 GC heap after
{Heap after GC invocations=209 (full 14):
 PSYoungGen      total 41984K, used 3680K [0x00000000eab00000, 0x00000000edf00000, 0x0000000100000000)
  eden space 35328K, 0% used [0x00000000eab00000,0x00000000eab00000,0x00000000ecd80000)
  from space 6656K, 55% used [0x00000000ed380000,0x00000000ed718008,0x00000000eda00000)
  to   space 4608K, 0% used [0x00000000eda80000,0x00000000eda80000,0x00000000edf00000)
 ParOldGen       total 394752K, used 353206K [0x00000000c0000000, 0x00000000d8180000, 0x00000000eab00000)
  object space 394752K, 89% used [0x00000000c0000000,0x00000000d58edbf0,0x00000000d8180000)
 Metaspace       used 88405K, committed 90048K, reserved 1179648K
  class space    used 9384K, committed 10112K, reserved 1048576K
}
Event: 695.554 GC heap before
{Heap before GC invocations=210 (full 14):
 PSYoungGen      total 41984K, used 39008K [0x00000000eab00000, 0x00000000edf00000, 0x0000000100000000)
  eden space 35328K, 100% used [0x00000000eab00000,0x00000000ecd80000,0x00000000ecd80000)
  from space 6656K, 55% used [0x00000000ed380000,0x00000000ed718008,0x00000000eda00000)
  to   space 4608K, 0% used [0x00000000eda80000,0x00000000eda80000,0x00000000edf00000)
 ParOldGen       total 394752K, used 353209K [0x00000000c0000000, 0x00000000d8180000, 0x00000000eab00000)
  object space 394752K, 89% used [0x00000000c0000000,0x00000000d58ee708,0x00000000d8180000)
 Metaspace       used 88405K, committed 90048K, reserved 1179648K
  class space    used 9384K, committed 10112K, reserved 1048576K
}
Event: 695.626 GC heap after
{Heap after GC invocations=210 (full 14):
 PSYoungGen      total 40960K, used 1236K [0x00000000eab00000, 0x00000000edc00000, 0x0000000100000000)
  eden space 39424K, 0% used [0x00000000eab00000,0x00000000eab00000,0x00000000ed180000)
  from space 1536K, 80% used [0x00000000eda80000,0x00000000edbb5220,0x00000000edc00000)
  to   space 2560K, 0% used [0x00000000ed700000,0x00000000ed700000,0x00000000ed980000)
 ParOldGen       total 394752K, used 353553K [0x00000000c0000000, 0x00000000d8180000, 0x00000000eab00000)
  object space 394752K, 89% used [0x00000000c0000000,0x00000000d5944718,0x00000000d8180000)
 Metaspace       used 88405K, committed 90048K, reserved 1179648K
  class space    used 9384K, committed 10112K, reserved 1048576K
}
Event: 697.390 GC heap before
{Heap before GC invocations=211 (full 14):
 PSYoungGen      total 40960K, used 40660K [0x00000000eab00000, 0x00000000edc00000, 0x0000000100000000)
  eden space 39424K, 100% used [0x00000000eab00000,0x00000000ed180000,0x00000000ed180000)
  from space 1536K, 80% used [0x00000000eda80000,0x00000000edbb5220,0x00000000edc00000)
  to   space 2560K, 0% used [0x00000000ed700000,0x00000000ed700000,0x00000000ed980000)
 ParOldGen       total 394752K, used 353553K [0x00000000c0000000, 0x00000000d8180000, 0x00000000eab00000)
  object space 394752K, 89% used [0x00000000c0000000,0x00000000d5944718,0x00000000d8180000)
 Metaspace       used 88603K, committed 90240K, reserved 1179648K
  class space    used 9410K, committed 10112K, reserved 1048576K
}
Event: 697.461 GC heap after
{Heap after GC invocations=211 (full 14):
 PSYoungGen      total 40960K, used 1644K [0x00000000eab00000, 0x00000000edb00000, 0x0000000100000000)
  eden space 38912K, 0% used [0x00000000eab00000,0x00000000eab00000,0x00000000ed100000)
  from space 2048K, 80% used [0x00000000ed700000,0x00000000ed89b010,0x00000000ed900000)
  to   space 2048K, 0% used [0x00000000ed900000,0x00000000ed900000,0x00000000edb00000)
 ParOldGen       total 394752K, used 353958K [0x00000000c0000000, 0x00000000d8180000, 0x00000000eab00000)
  object space 394752K, 89% used [0x00000000c0000000,0x00000000d59a9918,0x00000000d8180000)
 Metaspace       used 88603K, committed 90240K, reserved 1179648K
  class space    used 9410K, committed 10112K, reserved 1048576K
}

