# JRE version: OpenJDK Runtime Environment Microsoft-9889599 (17.0.12+7) (build 17.0.12+7-LTS)
# Java VM: OpenJDK 64-Bit Server VM Microsoft-9889599 (17.0.12+7-LTS, mixed mode, sharing, tiered, compressed oops, compressed class ptrs, g1 gc, linux-amd64)
GC Precious Log:
 CPUs: 4 total, 4 available
 Memory: 7936M
 Large Page Support: Disabled
 NUMA Support: Disabled
 Compressed Oops: Enabled (32-bit)
 Heap Region Size: 1M
 Heap Min Capacity: 8M
 Heap Initial Capacity: 126M
 Heap Max Capacity: 1986M
 Pre-touch: Disabled
 Parallel Workers: 4
 Concurrent Workers: 1
 Concurrent Refinement Workers: 4
 Periodic GC: Disabled
Heap:
 garbage-first heap   total 135168K, used 89500K [0x0000000083e00000, 0x0000000100000000)
  region size 1024K, 23 young (23552K), 7 survivors (7168K)
 Metaspace       used 32471K, committed 32960K, reserved 1114112K
  class space    used 3673K, committed 3904K, reserved 1048576K
GC Heap History (20 events):
Event: 18.861 GC heap before
{Heap before GC invocations=4 (full 0):
 garbage-first heap   total 131072K, used 86860K [0x0000000083e00000, 0x0000000100000000)
  region size 1024K, 75 young (76800K), 4 survivors (4096K)
 Metaspace       used 18229K, committed 18496K, reserved 1114112K
  class space    used 2100K, committed 2240K, reserved 1048576K
}
Event: 18.893 GC heap after
{Heap after GC invocations=5 (full 0):
 garbage-first heap   total 131072K, used 20938K [0x0000000083e00000, 0x0000000100000000)
  region size 1024K, 10 young (10240K), 10 survivors (10240K)
 Metaspace       used 18229K, committed 18496K, reserved 1114112K
  class space    used 2100K, committed 2240K, reserved 1048576K
}
Event: 20.413 GC heap before
{Heap before GC invocations=5 (full 0):
 garbage-first heap   total 131072K, used 87498K [0x0000000083e00000, 0x0000000100000000)
  region size 1024K, 75 young (76800K), 10 survivors (10240K)
 Metaspace       used 18489K, committed 18752K, reserved 1114112K
  class space    used 2101K, committed 2240K, reserved 1048576K
}
Event: 20.448 GC heap after
{Heap after GC invocations=6 (full 0):
 garbage-first heap   total 131072K, used 23231K [0x0000000083e00000, 0x0000000100000000)
  region size 1024K, 3 young (3072K), 3 survivors (3072K)
 Metaspace       used 18489K, committed 18752K, reserved 1114112K
  class space    used 2101K, committed 2240K, reserved 1048576K
}
Event: 24.244 GC heap before
{Heap before GC invocations=6 (full 0):
 garbage-first heap   total 131072K, used 86719K [0x0000000083e00000, 0x0000000100000000)
  region size 1024K, 66 young (67584K), 3 survivors (3072K)
 Metaspace       used 21233K, committed 21504K, reserved 1114112K
  class space    used 2382K, committed 2496K, reserved 1048576K
}
Event: 24.302 GC heap after
{Heap after GC invocations=7 (full 0):
 garbage-first heap   total 157696K, used 25279K [0x0000000083e00000, 0x0000000100000000)
  region size 1024K, 5 young (5120K), 5 survivors (5120K)
 Metaspace       used 21233K, committed 21504K, reserved 1114112K
  class space    used 2382K, committed 2496K, reserved 1048576K
}
Event: 26.329 GC heap before
{Heap before GC invocations=8 (full 0):
 garbage-first heap   total 99328K, used 79551K [0x0000000083e00000, 0x0000000100000000)
  region size 1024K, 58 young (59392K), 5 survivors (5120K)
 Metaspace       used 23105K, committed 23424K, reserved 1114112K
  class space    used 2586K, committed 2752K, reserved 1048576K
}
Event: 26.397 GC heap after
{Heap after GC invocations=9 (full 0):
 garbage-first heap   total 99328K, used 29703K [0x0000000083e00000, 0x0000000100000000)
  region size 1024K, 8 young (8192K), 8 survivors (8192K)
 Metaspace       used 23105K, committed 23424K, reserved 1114112K
  class space    used 2586K, committed 2752K, reserved 1048576K
}
Event: 27.312 GC heap before
{Heap before GC invocations=10 (full 0):
 garbage-first heap   total 99328K, used 73735K [0x0000000083e00000, 0x0000000100000000)
  region size 1024K, 51 young (52224K), 8 survivors (8192K)
 Metaspace       used 23157K, committed 23552K, reserved 1114112K
  class space    used 2587K, committed 2752K, reserved 1048576K
}
Event: 27.361 GC heap after
{Heap after GC invocations=11 (full 0):
 garbage-first heap   total 99328K, used 31685K [0x0000000083e00000, 0x0000000100000000)
  region size 1024K, 2 young (2048K), 2 survivors (2048K)
 Metaspace       used 23157K, committed 23552K, reserved 1114112K
  class space    used 2587K, committed 2752K, reserved 1048576K
}
Event: 29.103 GC heap before
{Heap before GC invocations=11 (full 0):
 garbage-first heap   total 99328K, used 76741K [0x0000000083e00000, 0x0000000100000000)
  region size 1024K, 45 young (46080K), 2 survivors (2048K)
 Metaspace       used 23716K, committed 24064K, reserved 1114112K
  class space    used 2642K, committed 2816K, reserved 1048576K
}
Event: 29.128 GC heap after
{Heap after GC invocations=12 (full 0):
 garbage-first heap   total 99328K, used 36176K [0x0000000083e00000, 0x0000000100000000)
  region size 1024K, 5 young (5120K), 5 survivors (5120K)
 Metaspace       used 23716K, committed 24064K, reserved 1114112K
  class space    used 2642K, committed 2816K, reserved 1048576K
}
Event: 29.804 GC heap before
{Heap before GC invocations=12 (full 0):
 garbage-first heap   total 99328K, used 76112K [0x0000000083e00000, 0x0000000100000000)
  region size 1024K, 44 young (45056K), 5 survivors (5120K)
 Metaspace       used 23724K, committed 24064K, reserved 1114112K
  class space    used 2643K, committed 2816K, reserved 1048576K
}
Event: 29.824 GC heap after
{Heap after GC invocations=13 (full 0):
 garbage-first heap   total 99328K, used 33048K [0x0000000083e00000, 0x0000000100000000)
  region size 1024K, 2 young (2048K), 2 survivors (2048K)
 Metaspace       used 23724K, committed 24064K, reserved 1114112K
  class space    used 2643K, committed 2816K, reserved 1048576K
}
Event: 31.134 GC heap before
{Heap before GC invocations=13 (full 0):
 garbage-first heap   total 99328K, used 76056K [0x0000000083e00000, 0x0000000100000000)
  region size 1024K, 45 young (46080K), 2 survivors (2048K)
 Metaspace       used 24195K, committed 24576K, reserved 1114112K
  class space    used 2694K, committed 2816K, reserved 1048576K
}
Event: 31.163 GC heap after
{Heap after GC invocations=14 (full 0):
 garbage-first heap   total 135168K, used 40128K [0x0000000083e00000, 0x0000000100000000)
  region size 1024K, 6 young (6144K), 6 survivors (6144K)
 Metaspace       used 24195K, committed 24576K, reserved 1114112K
  class space    used 2694K, committed 2816K, reserved 1048576K
}
Event: 35.112 GC heap before
{Heap before GC invocations=14 (full 0):
 garbage-first heap   total 135168K, used 109760K [0x0000000083e00000, 0x0000000100000000)
  region size 1024K, 66 young (67584K), 6 survivors (6144K)
 Metaspace       used 31123K, committed 31616K, reserved 1114112K
  class space    used 3541K, committed 3776K, reserved 1048576K
}
Event: 35.159 GC heap after
{Heap after GC invocations=15 (full 0):
 garbage-first heap   total 135168K, used 56856K [0x0000000083e00000, 0x0000000100000000)
  region size 1024K, 9 young (9216K), 9 survivors (9216K)
 Metaspace       used 31123K, committed 31616K, reserved 1114112K
  class space    used 3541K, committed 3776K, reserved 1048576K
}
Event: 37.189 GC heap before
{Heap before GC invocations=15 (full 0):
 garbage-first heap   total 135168K, used 101912K [0x0000000083e00000, 0x0000000100000000)
  region size 1024K, 52 young (53248K), 9 survivors (9216K)
 Metaspace       used 32349K, committed 32704K, reserved 1114112K
  class space    used 3671K, committed 3840K, reserved 1048576K
}
Event: 37.270 GC heap after
{Heap after GC invocations=16 (full 0):
 garbage-first heap   total 135168K, used 74140K [0x0000000083e00000, 0x0000000100000000)
  region size 1024K, 7 young (7168K), 7 survivors (7168K)
 Metaspace       used 32349K, committed 32704K, reserved 1114112K
  class space    used 3671K, committed 3840K, reserved 1048576K
}

