# JRE version: OpenJDK Runtime Environment Microsoft-9889599 (17.0.12+7) (build 17.0.12+7-LTS)
# Java VM: OpenJDK 64-Bit Server VM Microsoft-9889599 (17.0.12+7-LTS, mixed mode, sharing, tiered, compressed oops, compressed class ptrs, g1 gc, linux-amd64)
GC Precious Log:
 CPUs: 4 total, 4 available
 Memory: 7936M
 Large Page Support: Disabled
 NUMA Support: Disabled
 Compressed Oops: Enabled (32-bit)
 Heap Region Size: 1M
 Heap Min Capacity: 8M
 Heap Initial Capacity: 126M
 Heap Max Capacity: 1986M
 Pre-touch: Disabled
 Parallel Workers: 4
 Concurrent Workers: 1
 Concurrent Refinement Workers: 4
 Periodic GC: Disabled
Heap:
 garbage-first heap   total 131072K, used 11203K [0x0000000083e00000, 0x0000000100000000)
  region size 1024K, 9 young (9216K), 7 survivors (7168K)
 Metaspace       used 12771K, committed 12928K, reserved 1114112K
  class space    used 1492K, committed 1536K, reserved 1048576K
GC Heap History (6 events):
Event: 2.584 GC heap before
{Heap before GC invocations=0 (full 0):
 garbage-first heap   total 131072K, used 14256K [0x0000000083e00000, 0x0000000100000000)
  region size 1024K, 13 young (13312K), 0 survivors (0K)
 Metaspace       used 3897K, committed 3968K, reserved 1114112K
  class space    used 430K, committed 448K, reserved 1048576K
}
Event: 2.618 GC heap after
{Heap after GC invocations=1 (full 0):
 garbage-first heap   total 131072K, used 3509K [0x0000000083e00000, 0x0000000100000000)
  region size 1024K, 2 young (2048K), 2 survivors (2048K)
 Metaspace       used 3897K, committed 3968K, reserved 1114112K
  class space    used 430K, committed 448K, reserved 1048576K
}
Event: 3.938 GC heap before
{Heap before GC invocations=1 (full 0):
 garbage-first heap   total 131072K, used 21941K [0x0000000083e00000, 0x0000000100000000)
  region size 1024K, 20 young (20480K), 2 survivors (2048K)
 Metaspace       used 6224K, committed 6400K, reserved 1114112K
  class space    used 742K, committed 832K, reserved 1048576K
}
Event: 3.955 GC heap after
{Heap after GC invocations=2 (full 0):
 garbage-first heap   total 131072K, used 4400K [0x0000000083e00000, 0x0000000100000000)
  region size 1024K, 1 young (1024K), 1 survivors (1024K)
 Metaspace       used 6224K, committed 6400K, reserved 1114112K
  class space    used 742K, committed 832K, reserved 1048576K
}
Event: 9.485 GC heap before
{Heap before GC invocations=2 (full 0):
 garbage-first heap   total 131072K, used 80176K [0x0000000083e00000, 0x0000000100000000)
  region size 1024K, 75 young (76800K), 1 survivors (1024K)
 Metaspace       used 12769K, committed 12928K, reserved 1114112K
  class space    used 1492K, committed 1536K, reserved 1048576K
}
Event: 9.558 GC heap after
{Heap after GC invocations=3 (full 0):
 garbage-first heap   total 131072K, used 10179K [0x0000000083e00000, 0x0000000100000000)
  region size 1024K, 7 young (7168K), 7 survivors (7168K)
 Metaspace       used 12769K, committed 12928K, reserved 1114112K
  class space    used 1492K, committed 1536K, reserved 1048576K
}

