# JRE version: OpenJDK Runtime Environment Microsoft-9889599 (17.0.12+7) (build 17.0.12+7-LTS)
# Java VM: OpenJDK 64-Bit Server VM Microsoft-9889599 (17.0.12+7-LTS, mixed mode, sharing, tiered, compressed oops, compressed class ptrs, g1 gc, linux-amd64)
GC Precious Log:
 CPUs: 4 total, 4 available
 Memory: 7936M
 Large Page Support: Disabled
 NUMA Support: Disabled
 Compressed Oops: Enabled (32-bit)
 Heap Region Size: 1M
 Heap Min Capacity: 8M
 Heap Initial Capacity: 126M
 Heap Max Capacity: 1986M
 Pre-touch: Disabled
 Parallel Workers: 4
 Concurrent Workers: 1
 Concurrent Refinement Workers: 4
 Periodic GC: Disabled
Heap:
 garbage-first heap   total 157696K, used 59824K [0x0000000083e00000, 0x0000000100000000)
  region size 1024K, 7 young (7168K), 5 survivors (5120K)
 Metaspace       used 18545K, committed 18880K, reserved 1114112K
  class space    used 2024K, committed 2176K, reserved 1048576K
GC Heap History (16 events):
Event: 2.797 GC heap before
{Heap before GC invocations=0 (full 0):
 garbage-first heap   total 131072K, used 14256K [0x0000000083e00000, 0x0000000100000000)
  region size 1024K, 13 young (13312K), 0 survivors (0K)
 Metaspace       used 3904K, committed 3968K, reserved 1114112K
  class space    used 430K, committed 448K, reserved 1048576K
}
Event: 2.839 GC heap after
{Heap after GC invocations=1 (full 0):
 garbage-first heap   total 131072K, used 3461K [0x0000000083e00000, 0x0000000100000000)
  region size 1024K, 2 young (2048K), 2 survivors (2048K)
 Metaspace       used 3904K, committed 3968K, reserved 1114112K
  class space    used 430K, committed 448K, reserved 1048576K
}
Event: 4.249 GC heap before
{Heap before GC invocations=1 (full 0):
 garbage-first heap   total 131072K, used 21893K [0x0000000083e00000, 0x0000000100000000)
  region size 1024K, 20 young (20480K), 2 survivors (2048K)
 Metaspace       used 6228K, committed 6400K, reserved 1114112K
  class space    used 742K, committed 832K, reserved 1048576K
}
Event: 4.267 GC heap after
{Heap after GC invocations=2 (full 0):
 garbage-first heap   total 131072K, used 4299K [0x0000000083e00000, 0x0000000100000000)
  region size 1024K, 1 young (1024K), 1 survivors (1024K)
 Metaspace       used 6228K, committed 6400K, reserved 1114112K
  class space    used 742K, committed 832K, reserved 1048576K
}
Event: 9.734 GC heap before
{Heap before GC invocations=2 (full 0):
 garbage-first heap   total 131072K, used 80075K [0x0000000083e00000, 0x0000000100000000)
  region size 1024K, 75 young (76800K), 1 survivors (1024K)
 Metaspace       used 12769K, committed 12928K, reserved 1114112K
  class space    used 1492K, committed 1536K, reserved 1048576K
}
Event: 9.776 GC heap after
{Heap after GC invocations=3 (full 0):
 garbage-first heap   total 131072K, used 10193K [0x0000000083e00000, 0x0000000100000000)
  region size 1024K, 7 young (7168K), 7 survivors (7168K)
 Metaspace       used 12769K, committed 12928K, reserved 1114112K
  class space    used 1492K, committed 1536K, reserved 1048576K
}
Event: 11.539 GC heap before
{Heap before GC invocations=3 (full 0):
 garbage-first heap   total 131072K, used 79825K [0x0000000083e00000, 0x0000000100000000)
  region size 1024K, 75 young (76800K), 7 survivors (7168K)
 Metaspace       used 13220K, committed 13376K, reserved 1114112K
  class space    used 1496K, committed 1536K, reserved 1048576K
}
Event: 11.623 GC heap after
{Heap after GC invocations=4 (full 0):
 garbage-first heap   total 131072K, used 17369K [0x0000000083e00000, 0x0000000100000000)
  region size 1024K, 8 young (8192K), 8 survivors (8192K)
 Metaspace       used 13220K, committed 13376K, reserved 1114112K
  class space    used 1496K, committed 1536K, reserved 1048576K
}
Event: 14.233 GC heap before
{Heap before GC invocations=4 (full 0):
 garbage-first heap   total 131072K, used 85977K [0x0000000083e00000, 0x0000000100000000)
  region size 1024K, 75 young (76800K), 8 survivors (8192K)
 Metaspace       used 14976K, committed 15168K, reserved 1114112K
  class space    used 1661K, committed 1792K, reserved 1048576K
}
Event: 14.287 GC heap after
{Heap after GC invocations=5 (full 0):
 garbage-first heap   total 131072K, used 27445K [0x0000000083e00000, 0x0000000100000000)
  region size 1024K, 10 young (10240K), 10 survivors (10240K)
 Metaspace       used 14976K, committed 15168K, reserved 1114112K
  class space    used 1661K, committed 1792K, reserved 1048576K
}
Event: 15.644 GC heap before
{Heap before GC invocations=5 (full 0):
 garbage-first heap   total 131072K, used 92981K [0x0000000083e00000, 0x0000000100000000)
  region size 1024K, 74 young (75776K), 10 survivors (10240K)
 Metaspace       used 15112K, committed 15360K, reserved 1114112K
  class space    used 1662K, committed 1792K, reserved 1048576K
}
Event: 15.879 GC heap after
{Heap after GC invocations=6 (full 0):
 garbage-first heap   total 157696K, used 37808K [0x0000000083e00000, 0x0000000100000000)
  region size 1024K, 10 young (10240K), 10 survivors (10240K)
 Metaspace       used 15112K, committed 15360K, reserved 1114112K
  class space    used 1662K, committed 1792K, reserved 1048576K
}
Event: 17.255 GC heap before
{Heap before GC invocations=6 (full 0):
 garbage-first heap   total 157696K, used 100272K [0x0000000083e00000, 0x0000000100000000)
  region size 1024K, 71 young (72704K), 10 survivors (10240K)
 Metaspace       used 15172K, committed 15424K, reserved 1114112K
  class space    used 1662K, committed 1792K, reserved 1048576K
}
Event: 17.331 GC heap after
{Heap after GC invocations=7 (full 0):
 garbage-first heap   total 157696K, used 49072K [0x0000000083e00000, 0x0000000100000000)
  region size 1024K, 9 young (9216K), 9 survivors (9216K)
 Metaspace       used 15172K, committed 15424K, reserved 1114112K
  class space    used 1662K, committed 1792K, reserved 1048576K
}
Event: 21.583 GC heap before
{Heap before GC invocations=7 (full 0):
 garbage-first heap   total 157696K, used 115632K [0x0000000083e00000, 0x0000000100000000)
  region size 1024K, 70 young (71680K), 9 survivors (9216K)
 Metaspace       used 18544K, committed 18880K, reserved 1114112K
  class space    used 2024K, committed 2176K, reserved 1048576K
}
Event: 21.663 GC heap after
{Heap after GC invocations=8 (full 0):
 garbage-first heap   total 157696K, used 58800K [0x0000000083e00000, 0x0000000100000000)
  region size 1024K, 5 young (5120K), 5 survivors (5120K)
 Metaspace       used 18544K, committed 18880K, reserved 1114112K
  class space    used 2024K, committed 2176K, reserved 1048576K
}

